<?xml version="1.0" encoding="UTF-8" ?>
<testsuite tests="13" failures="0" name="unit.model.PokemonTest" time="0.002" errors="0" skipped="0">
  <properties>
[...]
</properties>
  <testcase classname="unit.model.PokemonTest" name="TestValidarSeReviveAPokemonMuertoSatisfactoriamente" time="0"/>
  <testcase classname="unit.model.PokemonTest" name="TestSeModificaEstadisticaDePokemon" time="0"/>
  <testcase classname="unit.model.PokemonTest" name="TestValidarAumentaVidaTieneTopeEnVidaMaxima" time="0"/>
  <testcase classname="unit.model.PokemonTest" name="TestValidarSeSacaElEstadoDeUnPokemonYVuelveANormal" time="0"/>
  <testcase classname="unit.model.PokemonTest" name="TestSeAumentaVidaDePokemonConVidaMaxima" time="0"/>
  <testcase classname="unit.model.PokemonTest" name="TestValidarSetearEstadoMuertoEliminaLosOtros" time="0"/>
  <testcase classname="unit.model.PokemonTest" name="TestValidarSeSeteaUnNuevoEstadoCorrectamente" time="0"/>
  <testcase classname="unit.model.PokemonTest" name="TestValidarAumentaVidaDePokemonQueNoTieneVidaMaxima" time="0"/>
  <testcase classname="unit.model.PokemonTest" name="TestValidarSeRestaVidaDePokemonQueRecibeDanio" time="0"/>
  <testcase classname="unit.model.PokemonTest" name="TestValidarSeSacaElEstadoDeUnPokemonPeroNoVuelveANormal" time="0"/>
  <testcase classname="unit.model.PokemonTest" name="TestValidarSetearEstadoNormalEliminaLosOtros" time="0"/>
  <testcase classname="unit.model.PokemonTest" name="TestValidarSeRestaVidaDePokemonYMuere" time="0"/>
  <testcase classname="unit.model.PokemonTest" name="TestValidarPokemonTieneMasDeUnEstadoAlMismoTiempo" time="0.002"/>
</testsuite>