<?xml version="1.0" encoding="UTF-8" ?>
<testsuite tests="13" failures="1" name="unit.model.PokemonTest" time="0.025" errors="0" skipped="0">
  <properties>
[...]
</properties>
  <testcase classname="unit.model.PokemonTest" name="TestValidarSeReviveAPokemonMuertoSatisfactoriamente" time="0.011"/>
  <testcase classname="unit.model.PokemonTest" name="TestSeModificaEstadisticaDePokemon" time="0"/>
  <testcase classname="unit.model.PokemonTest" name="TestValidarAumentaVidaTieneTopeEnVidaMaxima" time="0.001"/>
  <testcase classname="unit.model.PokemonTest" name="TestValidarSeSacaElEstadoDeUnPokemonYVuelveANormal" time="0"/>
  <testcase classname="unit.model.PokemonTest" name="TestSeAumentaVidaDePokemonConVidaMaxima" time="0"/>
  <testcase classname="unit.model.PokemonTest" name="TestValidarSetearEstadoMuertoEliminaLosOtros" time="0.011">
    <failure message="expected: &lt;false&gt; but was: &lt;true&gt;" type="org.opentest4j.AssertionFailedError">org.opentest4j.AssertionFailedError: expected: &lt;false&gt; but was: &lt;true&gt;
	at org.junit.jupiter.api.AssertionFailureBuilder.build(AssertionFailureBuilder.java:151)
	at org.junit.jupiter.api.AssertionFailureBuilder.buildAndThrow(AssertionFailureBuilder.java:132)
	at org.junit.jupiter.api.AssertEquals.failNotEqual(AssertEquals.java:197)
	at org.junit.jupiter.api.AssertEquals.assertEquals(AssertEquals.java:182)
	at org.junit.jupiter.api.AssertEquals.assertEquals(AssertEquals.java:177)
	at org.junit.jupiter.api.Assertions.assertEquals(Assertions.java:1145)
	at unit.model.PokemonTest.TestValidarSetearEstadoMuertoEliminaLosOtros(PokemonTest.java:126)
	at java.base/jdk.internal.reflect.NativeMethodAccessorImpl.invoke0(Native Method)
	at java.base/jdk.internal.reflect.NativeMethodAccessorImpl.invoke(NativeMethodAccessorImpl.java:77)
	at java.base/jdk.internal.reflect.DelegatingMethodAccessorImpl.invoke(DelegatingMethodAccessorImpl.java:43)
	at java.base/java.lang.reflect.Method.invoke(Method.java:568)
	at org.junit.runners.model.FrameworkMethod$1.runReflectiveCall(FrameworkMethod.java:59)
	at org.junit.internal.runners.model.ReflectiveCallable.run(ReflectiveCallable.java:12)
	at org.junit.runners.model.FrameworkMethod.invokeExplosively(FrameworkMethod.java:56)
	at org.junit.internal.runners.statements.InvokeMethod.evaluate(InvokeMethod.java:17)
	at org.junit.runners.ParentRunner$3.evaluate(ParentRunner.java:306)
	at org.junit.runners.BlockJUnit4ClassRunner$1.evaluate(BlockJUnit4ClassRunner.java:100)
	at org.junit.runners.ParentRunner.runLeaf(ParentRunner.java:366)
	at org.junit.runners.BlockJUnit4ClassRunner.runChild(BlockJUnit4ClassRunner.java:103)
	at org.junit.runners.BlockJUnit4ClassRunner.runChild(BlockJUnit4ClassRunner.java:63)
	at org.junit.runners.ParentRunner$4.run(ParentRunner.java:331)
	at org.junit.runners.ParentRunner$1.schedule(ParentRunner.java:79)
	at org.junit.runners.ParentRunner.runChildren(ParentRunner.java:329)
	at org.junit.runners.ParentRunner.access$100(ParentRunner.java:66)
	at org.junit.runners.ParentRunner$2.evaluate(ParentRunner.java:293)
	at org.junit.runners.ParentRunner$3.evaluate(ParentRunner.java:306)
	at org.junit.runners.ParentRunner.run(ParentRunner.java:413)
	at org.apache.maven.surefire.junit4.JUnit4Provider.execute(JUnit4Provider.java:252)
	at org.apache.maven.surefire.junit4.JUnit4Provider.executeTestSet(JUnit4Provider.java:141)
	at org.apache.maven.surefire.junit4.JUnit4Provider.invoke(JUnit4Provider.java:112)
	at java.base/jdk.internal.reflect.NativeMethodAccessorImpl.invoke0(Native Method)
	at java.base/jdk.internal.reflect.NativeMethodAccessorImpl.invoke(NativeMethodAccessorImpl.java:77)
	at java.base/jdk.internal.reflect.DelegatingMethodAccessorImpl.invoke(DelegatingMethodAccessorImpl.java:43)
	at java.base/java.lang.reflect.Method.invoke(Method.java:568)
	at org.apache.maven.surefire.util.ReflectionUtils.invokeMethodWithArray(ReflectionUtils.java:189)
	at org.apache.maven.surefire.booter.ProviderFactory$ProviderProxy.invoke(ProviderFactory.java:165)
	at org.apache.maven.surefire.booter.ProviderFactory.invokeProvider(ProviderFactory.java:85)
	at org.apache.maven.surefire.booter.ForkedBooter.runSuitesInProcess(ForkedBooter.java:115)
	at org.apache.maven.surefire.booter.ForkedBooter.main(ForkedBooter.java:75)
</failure>
  </testcase>
  <testcase classname="unit.model.PokemonTest" name="TestValidarSeSeteaUnNuevoEstadoCorrectamente" time="0"/>
  <testcase classname="unit.model.PokemonTest" name="TestValidarAumentaVidaDePokemonQueNoTieneVidaMaxima" time="0"/>
  <testcase classname="unit.model.PokemonTest" name="TestValidarSeRestaVidaDePokemonQueRecibeDanio" time="0"/>
  <testcase classname="unit.model.PokemonTest" name="TestValidarSeSacaElEstadoDeUnPokemonPeroNoVuelveANormal" time="0"/>
  <testcase classname="unit.model.PokemonTest" name="TestValidarSetearEstadoNormalEliminaLosOtros" time="0.001"/>
  <testcase classname="unit.model.PokemonTest" name="TestValidarSeRestaVidaDePokemonYMuere" time="0"/>
  <testcase classname="unit.model.PokemonTest" name="TestValidarPokemonTieneMasDeUnEstadoAlMismoTiempo" time="0.001"/>
</testsuite>